<?xml version="1.0" encoding="UTF-8"?>
<!-- Generated by org.testng.reporters.JUnitReportReporter -->
<testsuite hostname="RUSHIT" name="Experiment2" tests="1" failures="0" timestamp="2 Mar 2019 17:29:50 GMT" time="15.385" errors="0">
  <testcase name="fTets" time="15.385" classname="Experiment2"/>
</testsuite> <!-- Experiment2 -->
